<?xml version="1.0" encoding="UTF-8"?>
<testsuite xmlns:xsi="http://www.w3.org/2001/XMLSchema-instance" xsi:noNamespaceSchemaLocation="https://maven.apache.org/surefire/maven-surefire-plugin/xsd/surefire-test-report-3.0.xsd" version="3.0" name="com.example.statisticsdemo.StatisticsDemoApplicationTests" time="2.88" tests="1" errors="0" skipped="0" failures="0">
  <properties>
[...]
</properties>
  <testcase name="contextLoads" classname="com.example.statisticsdemo.StatisticsDemoApplicationTests" time="0.902">
    <system-out><![CDATA[15:01:56.029 [main] INFO org.springframework.test.context.support.AnnotationConfigContextLoaderUtils -- Could not detect default configuration classes for test class [com.example.statisticsdemo.StatisticsDemoApplicationTests]: StatisticsDemoApplicationTests does not declare any static, non-private, non-final, nested classes annotated with @Configuration.
15:01:56.124 [main] INFO org.springframework.boot.test.context.SpringBootTestContextBootstrapper -- Found @SpringBootConfiguration com.example.statisticsdemo.StatisticsDemoApplication for test class com.example.statisticsdemo.StatisticsDemoApplicationTests

  .   ____          _            __ _ _
 /\\ / ___'_ __ _ _(_)_ __  __ _ \ \ \ \
( ( )\___ | '_ | '_| | '_ \/ _` | \ \ \ \
 \\/  ___)| |_)| | | | | || (_| |  ) ) ) )
  '  |____| .__|_| |_|_| |_\__, | / / / /
 =========|_|==============|___/=/_/_/_/
 :: Spring Boot ::                (v3.1.5)

2023-11-08T15:01:56.553-03:00  INFO 1748 --- [           main] c.e.s.StatisticsDemoApplicationTests     : Starting StatisticsDemoApplicationTests using Java 17.0.8.1 with PID 1748 (started by rodolfolorbieski in C:\WorkspaceSTS\statistics-demo\statistics-demo)
2023-11-08T15:01:56.554-03:00  INFO 1748 --- [           main] c.e.s.StatisticsDemoApplicationTests     : No active profile set, falling back to 1 default profile: "default"
2023-11-08T15:01:57.748-03:00  WARN 1748 --- [           main] ion$DefaultTemplateResolverConfiguration : Cannot find template location: classpath:/templates/ (please add some templates, check your Thymeleaf configuration, or set spring.thymeleaf.check-template-location=false)
2023-11-08T15:01:57.828-03:00  INFO 1748 --- [           main] c.e.s.StatisticsDemoApplicationTests     : Started StatisticsDemoApplicationTests in 1.556 seconds (process running for 2.527)
]]></system-out>
  </testcase>
</testsuite>